15/09 - 08:49 [background-preinit] INFO  o.h.validator.internal.util.Version - HV000001: Hibernate Validator 8.0.1.Final
15/09 - 08:49 [restartedMain] INFO  com.blog.blog.BlogApplication - Starting BlogApplication using Java 20.0.2 with PID 19844 (D:\person\fullblog\spring_blog_fullstack\blog_java\blog\target\classes started by person 1 in D:\person\fullblog\spring_blog_fullstack\blog_java\blog)
15/09 - 08:49 [restartedMain] INFO  com.blog.blog.BlogApplication - No active profile set, falling back to 1 default profile: "default"
15/09 - 08:49 [restartedMain] INFO  o.s.b.d.e.DevToolsPropertyDefaultsPostProcessor - Devtools property defaults active! Set 'spring.devtools.add-properties' to 'false' to disable
15/09 - 08:49 [restartedMain] INFO  o.s.b.d.e.DevToolsPropertyDefaultsPostProcessor - For additional web related logging consider setting the 'logging.level.web' property to 'DEBUG'
15/09 - 08:49 [restartedMain] INFO  o.s.d.r.c.RepositoryConfigurationDelegate - Bootstrapping Spring Data JPA repositories in DEFAULT mode.
15/09 - 08:49 [restartedMain] INFO  o.s.d.r.c.RepositoryConfigurationDelegate - Finished Spring Data repository scanning in 62 ms. Found 4 JPA repository interfaces.
15/09 - 08:49 [restartedMain] INFO  o.s.b.w.e.tomcat.TomcatWebServer - Tomcat initialized with port(s): 8080 (http)
15/09 - 08:49 [restartedMain] INFO  o.a.coyote.http11.Http11NioProtocol - Initializing ProtocolHandler ["http-nio-8080"]
15/09 - 08:49 [restartedMain] INFO  o.a.catalina.core.StandardService - Starting service [Tomcat]
15/09 - 08:49 [restartedMain] INFO  o.a.catalina.core.StandardEngine - Starting Servlet engine: [Apache Tomcat/10.1.12]
15/09 - 08:49 [restartedMain] INFO  o.a.c.c.C.[Tomcat].[localhost].[/] - Initializing Spring embedded WebApplicationContext
15/09 - 08:49 [restartedMain] INFO  o.s.b.w.s.c.ServletWebServerApplicationContext - Root WebApplicationContext: initialization completed in 1481 ms
15/09 - 08:49 [restartedMain] INFO  o.h.jpa.internal.util.LogHelper - HHH000204: Processing PersistenceUnitInfo [name: default]
15/09 - 08:49 [restartedMain] INFO  org.hibernate.Version - HHH000412: Hibernate ORM core version 6.2.7.Final
15/09 - 08:49 [restartedMain] INFO  org.hibernate.cfg.Environment - HHH000406: Using bytecode reflection optimizer
15/09 - 08:49 [restartedMain] INFO  o.h.b.i.BytecodeProviderInitiator - HHH000021: Bytecode provider name : bytebuddy
15/09 - 08:49 [restartedMain] INFO  o.s.o.j.p.SpringPersistenceUnitInfo - No LoadTimeWeaver setup: ignoring JPA class transformer
15/09 - 08:49 [restartedMain] INFO  com.zaxxer.hikari.HikariDataSource - HikariPool-1 - Starting...
15/09 - 08:49 [restartedMain] INFO  com.zaxxer.hikari.pool.HikariPool - HikariPool-1 - Added connection com.mysql.cj.jdbc.ConnectionImpl@6b295b15
15/09 - 08:49 [restartedMain] INFO  com.zaxxer.hikari.HikariDataSource - HikariPool-1 - Start completed.
15/09 - 08:49 [restartedMain] INFO  o.h.b.i.BytecodeProviderInitiator - HHH000021: Bytecode provider name : bytebuddy
15/09 - 08:49 [restartedMain] INFO  o.h.e.t.j.p.i.JtaPlatformInitiator - HHH000490: Using JtaPlatform implementation: [org.hibernate.engine.transaction.jta.platform.internal.NoJtaPlatform]
15/09 - 08:49 [restartedMain] INFO  o.s.o.j.LocalContainerEntityManagerFactoryBean - Initialized JPA EntityManagerFactory for persistence unit 'default'
15/09 - 08:49 [restartedMain] INFO  o.s.d.j.r.query.QueryEnhancerFactory - Hibernate is in classpath; If applicable, HQL parser will be used.
15/09 - 08:49 [restartedMain] WARN  o.s.b.a.o.j.JpaBaseConfiguration$JpaWebConfiguration - spring.jpa.open-in-view is enabled by default. Therefore, database queries may be performed during view rendering. Explicitly configure spring.jpa.open-in-view to disable this warning
15/09 - 08:49 [restartedMain] INFO  o.s.s.web.DefaultSecurityFilterChain - Will secure any request with [org.springframework.security.web.session.DisableEncodeUrlFilter@1425ece9, org.springframework.security.web.context.request.async.WebAsyncManagerIntegrationFilter@e1b06d1, org.springframework.security.web.context.SecurityContextHolderFilter@4fbc1488, org.springframework.security.web.header.HeaderWriterFilter@5f1fac7d, org.springframework.web.filter.CorsFilter@56cf0daf, org.springframework.security.web.authentication.logout.LogoutFilter@740ad515, com.blog.blog.jwt.JwtFilter@2ae10257, org.springframework.security.web.savedrequest.RequestCacheAwareFilter@186c7aeb, org.springframework.security.web.servletapi.SecurityContextHolderAwareRequestFilter@2b2104bc, org.springframework.security.web.authentication.AnonymousAuthenticationFilter@6ecda317, org.springframework.security.web.session.SessionManagementFilter@ed45af2, org.springframework.security.web.access.ExceptionTranslationFilter@10986dc1, org.springframework.security.web.access.intercept.AuthorizationFilter@20474c70]
15/09 - 08:49 [restartedMain] INFO  o.s.b.d.a.OptionalLiveReloadServer - LiveReload server is running on port 35729
15/09 - 08:49 [restartedMain] INFO  o.a.coyote.http11.Http11NioProtocol - Starting ProtocolHandler ["http-nio-8080"]
15/09 - 08:49 [restartedMain] INFO  o.s.b.w.e.tomcat.TomcatWebServer - Tomcat started on port(s): 8080 (http) with context path ''
15/09 - 08:49 [restartedMain] INFO  com.blog.blog.BlogApplication - Started BlogApplication in 5.616 seconds (process running for 6.271)
15/09 - 08:50 [http-nio-8080-exec-1] INFO  o.a.c.c.C.[Tomcat].[localhost].[/] - Initializing Spring DispatcherServlet 'dispatcherServlet'
15/09 - 08:50 [http-nio-8080-exec-1] INFO  o.s.web.servlet.DispatcherServlet - Initializing Servlet 'dispatcherServlet'
15/09 - 08:50 [http-nio-8080-exec-1] INFO  o.s.web.servlet.DispatcherServlet - Completed initialization in 1 ms
15/09 - 09:41 [http-nio-8080-exec-6] WARN  o.s.w.s.m.m.a.ExceptionHandlerExceptionResolver - Resolved [com.blog.blog.exception.TokenException: Expired Jwt token]
15/09 - 09:41 [http-nio-8080-exec-8] INFO  com.blog.blog.auth.AuthController - Loggger1 trong login
